           _                 _    
  __ _  __| |_ __ __ _ _ __ | |_  
 / _` |/ _` | '__/ _` | '_ \| __| 
| (_| | (_| | | | (_| | | | | |_  
 \__, |\__,_|_|  \__,_|_| |_|\__| 
    |_|                           

Version: 1.11.4, build: d8b6e4a0
Access web UI at http://localhost:6333/dashboard

2024-09-22T18:35:32.068315Z  INFO storage::content_manager::consensus::persistent: Loading raft state from ./storage/raft_state.json    
2024-09-22T18:35:32.071199Z DEBUG storage::content_manager::consensus::persistent: State: Persistent { state: RaftState { hard_state: HardState { term: 0, vote: 0, commit: 0 }, conf_state: ConfState { voters: [5275001760842044], learners: [], voters_outgoing: [], learners_next: [], auto_leave: false } }, latest_snapshot_meta: SnapshotMetadataSer { term: 0, index: 0 }, apply_progress_queue: EntryApplyProgressQueue(None), peer_address_by_id: RwLock { data: {} }, peer_metadata_by_id: RwLock { data: {} }, cluster_metadata: {}, this_peer_id: 5275001760842044, path: "./storage/raft_state.json", dirty: false }    
2024-09-22T18:35:32.132515Z  INFO storage::content_manager::toc: Loading collection: default    
2024-09-22T18:35:32.338162Z  INFO collection::shards::local_shard: Recovering collection default: 0/1 (0%)    
2024-09-22T18:35:32.413988Z  INFO collection::shards::local_shard: Recovered collection default: 1/1 (100%)    
2024-09-22T18:35:32.428455Z DEBUG qdrant: Loaded collection: default    
2024-09-22T18:35:32.428546Z  INFO qdrant: Distributed mode disabled    
2024-09-22T18:35:32.428988Z  INFO qdrant: Telemetry reporting disabled    
2024-09-22T18:35:32.430080Z DEBUG qdrant: Waiting for thread web to finish    
2024-09-22T18:35:32.434920Z  WARN qdrant::actix::web_ui: Static content folder for Web UI './static' does not exist    
2024-09-22T18:35:32.436967Z  INFO qdrant::actix: TLS disabled for REST API    
2024-09-22T18:35:32.438795Z  INFO qdrant::actix: Qdrant HTTP listening on 6333    
2024-09-22T18:35:32.439443Z  INFO actix_server::builder: Starting 11 workers
2024-09-22T18:35:32.439713Z  INFO actix_server::server: Actix runtime found; starting in Actix runtime
2024-09-22T18:35:32.449024Z  INFO qdrant::tonic: Qdrant gRPC listening on 6334    
2024-09-22T18:35:32.449054Z  INFO qdrant::tonic: TLS disabled for gRPC API    
2024-09-22T18:35:42.032098Z  INFO storage::content_manager::toc::collection_meta_ops: Deleting collection default    
2024-09-22T18:35:42.035657Z DEBUG collection::update_handler: Stopping flush worker.    
2024-09-22T18:35:42.051324Z  INFO actix_web::middleware::logger: 127.0.0.1 "DELETE /collections/default HTTP/1.1" 200 48 "-" "curl/7.81.0" 0.025361    
2024-09-22T18:36:07.480355Z DEBUG storage::content_manager::snapshots::recover: Downloading snapshot from file:///home/vansh/gaianet/qdrant/snapshots/default/default.snapshot to /home/vansh/gaianet/qdrant/./snapshots/tmp/download-tw4mUW    
2024-09-22T18:36:07.480905Z DEBUG storage::content_manager::snapshots::recover: Snapshot downloaded to /home/vansh/gaianet/qdrant/snapshots/default/default.snapshot    
2024-09-22T18:36:07.482068Z DEBUG storage::content_manager::snapshots::recover: Recovering collection default from snapshot /home/vansh/gaianet/qdrant/snapshots/default/default.snapshot    
2024-09-22T18:36:07.482075Z DEBUG storage::content_manager::snapshots::recover: Unpacking snapshot to /home/vansh/gaianet/qdrant/./storage/tmp/col-default-recovery-H9IRBE    
2024-09-22T18:36:14.725154Z DEBUG storage::content_manager::snapshots::recover: Collection default does not exist, creating it    
2024-09-22T18:36:14.725430Z  INFO storage::content_manager::toc::collection_meta_ops: Creating collection default    
2024-09-22T18:36:15.378611Z DEBUG collection::collection: Changing shard default:0 replica state from Some(Initializing) to Active    
2024-09-22T18:36:15.379138Z DEBUG collection::shards::replica_set: Changing local shard default:0 state from Some(Initializing) to Active    
2024-09-22T18:36:15.395977Z DEBUG storage::content_manager::snapshots::recover: Recovering shard 0 from /home/vansh/gaianet/qdrant/./storage/tmp/col-default-recovery-H9IRBE/0    
2024-09-22T18:36:15.398870Z DEBUG collection::update_handler: Stopping flush worker.    
2024-09-22T18:36:15.754439Z  INFO collection::shards::local_shard: Recovering collection default: 0/25 (0%)    
2024-09-22T18:36:15.906982Z  INFO collection::shards::local_shard: Recovered collection default: 25/25 (100%)    
2024-09-22T18:36:15.909995Z DEBUG storage::content_manager::snapshots::recover: Activating shard 0 of collection default locally    
2024-09-22T18:36:15.910016Z DEBUG collection::collection: Changing shard default:0 replica state from Some(Active) to Active    
2024-09-22T18:36:15.910023Z DEBUG collection::shards::replica_set: Changing local shard default:0 state from Some(Active) to Active    
2024-09-22T18:36:15.922917Z  INFO actix_web::middleware::logger: 127.0.0.1 "POST /collections/default/snapshots/upload?priority=snapshot HTTP/1.1" 200 47 "-" "curl/7.81.0" 9.125977    
2024-09-22T18:36:20.952134Z DEBUG qdrant::tonic: Stopping gRPC service on SIGTERM    
2024-09-22T18:36:20.952153Z  INFO actix_server::server: SIGTERM received; starting graceful shutdown
2024-09-22T18:36:20.952401Z  INFO actix_server::worker: Shutting down idle worker
2024-09-22T18:36:20.952460Z  INFO actix_server::worker: Shutting down idle worker
2024-09-22T18:36:20.952490Z  INFO actix_server::worker: Shutting down idle worker
2024-09-22T18:36:20.952469Z  INFO actix_server::worker: Shutting down idle worker
2024-09-22T18:36:20.952529Z DEBUG actix_server::accept: Paused accepting connections on 127.0.0.1:6333
2024-09-22T18:36:20.952559Z  INFO actix_server::accept: Accept thread stopped
2024-09-22T18:36:20.952500Z  INFO actix_server::worker: Shutting down idle worker
2024-09-22T18:36:20.952458Z  INFO actix_server::worker: Shutting down idle worker
2024-09-22T18:36:20.952469Z  INFO actix_server::worker: Shutting down idle worker
2024-09-22T18:36:20.952491Z  INFO actix_server::worker: Shutting down idle worker
2024-09-22T18:36:20.952831Z  INFO actix_server::worker: Shutting down idle worker
2024-09-22T18:36:20.953308Z  INFO actix_server::worker: Shutting down idle worker
2024-09-22T18:36:20.954747Z  INFO actix_server::worker: Shutting down idle worker
2024-09-22T18:36:21.261793Z DEBUG qdrant: Waiting for thread grpc to finish    
2024-09-22T18:36:21.262517Z DEBUG collection::update_handler: Stopping flush worker.    
